yarn run v1.22.19
warning ../../package.json: No license field
$ storybook build --output-dir /tmp/chromatic--69302-1AQAon7dVkX6
@storybook/cli v7.6.6

info => Cleaning outputDir: /tmp/chromatic--69302-1AQAon7dVkX6
info => Loading presets
info => Building manager..
info => Manager built (217 ms)
info => Building preview..
info => Copying static files: /home/shuvo-js-dev/Code/taskbox/node_modules/@storybook/manager/static at /tmp/chromatic--69302-1AQAon7dVkX6/sb-common-assets
info => Copying static files: /home/shuvo-js-dev/Code/taskbox/public at /tmp/chromatic--69302-1AQAon7dVkX6/
vite v4.5.1 building for production...

./sb-common-assets/fonts.css doesn't exist at build time, it will remain unchanged to be resolved at runtime
transforming...
node_modules/telejson/dist/index.mjs (1413:15) Use of eval in "node_modules/telejson/dist/index.mjs" is strongly discouraged as it poses security risks and may cause issues with minification.
node_modules/telejson/dist/index.mjs (1416:18) Use of eval in "node_modules/telejson/dist/index.mjs" is strongly discouraged as it poses security risks and may cause issues with minification.
✓ 850 modules transformed.
rendering chunks...
computing gzip size...
../../../../tmp/chromatic--69302-1AQAon7dVkX6/assets/direction-94a9917f.svg                    1.28 kB │ gzip:   0.71 kB
../../../../tmp/chromatic--69302-1AQAon7dVkX6/assets/flow-275142c6.svg                         1.39 kB │ gzip:   0.68 kB
../../../../tmp/chromatic--69302-1AQAon7dVkX6/assets/code-brackets-9ef6443e.svg                1.46 kB │ gzip:   0.69 kB
../../../../tmp/chromatic--69302-1AQAon7dVkX6/assets/comments-f15a6837.svg                     1.53 kB │ gzip:   0.70 kB
../../../../tmp/chromatic--69302-1AQAon7dVkX6/assets/repo-fb4ece47.svg                         1.64 kB │ gzip:   0.83 kB
../../../../tmp/chromatic--69302-1AQAon7dVkX6/assets/plugin-57148314.svg                       2.17 kB │ gzip:   0.98 kB
../../../../tmp/chromatic--69302-1AQAon7dVkX6/assets/stackalt-2ad81543.svg                     2.55 kB │ gzip:   1.09 kB
../../../../tmp/chromatic--69302-1AQAon7dVkX6/assets/colors-ac9401f3.svg                       8.51 kB │ gzip:   3.61 kB
../../../../tmp/chromatic--69302-1AQAon7dVkX6/iframe.html                                     12.76 kB │ gzip:   3.60 kB
../../../../tmp/chromatic--69302-1AQAon7dVkX6/assets/percolate-dac75269.ttf                   34.04 kB
../../../../tmp/chromatic--69302-1AQAon7dVkX6/assets/percolate-ec979d96.woff                  34.11 kB
../../../../tmp/chromatic--69302-1AQAon7dVkX6/assets/percolate-5ed633c2.eot                   34.21 kB
../../../../tmp/chromatic--69302-1AQAon7dVkX6/assets/percolate-d13fa91b.svg                  140.51 kB │ gzip:  47.50 kB
../../../../tmp/chromatic--69302-1AQAon7dVkX6/assets/preview-4f244d89.css                      6.87 kB │ gzip:   2.06 kB
../../../../tmp/chromatic--69302-1AQAon7dVkX6/assets/index-9eea8125.js                         0.21 kB │ gzip:   0.17 kB
../../../../tmp/chromatic--69302-1AQAon7dVkX6/assets/_commonjs-dynamic-modules-302442b1.js     0.24 kB │ gzip:   0.19 kB
../../../../tmp/chromatic--69302-1AQAon7dVkX6/assets/WithTooltip-V3YHNWJZ-e753799f.js          0.41 kB │ gzip:   0.24 kB
../../../../tmp/chromatic--69302-1AQAon7dVkX6/assets/syntaxhighlighter-V7JZZA35-ed26eb23.js    0.42 kB │ gzip:   0.25 kB
../../../../tmp/chromatic--69302-1AQAon7dVkX6/assets/index-a1cf9e47.js                         0.49 kB │ gzip:   0.31 kB
../../../../tmp/chromatic--69302-1AQAon7dVkX6/assets/preview-dd677722.js                       0.54 kB │ gzip:   0.32 kB
../../../../tmp/chromatic--69302-1AQAon7dVkX6/assets/react-18-988a5df2.js                      0.55 kB │ gzip:   0.34 kB
../../../../tmp/chromatic--69302-1AQAon7dVkX6/assets/preview-73104b77.js                       0.64 kB │ gzip:   0.44 kB
../../../../tmp/chromatic--69302-1AQAon7dVkX6/assets/_commonjsHelpers-de833af9.js              0.69 kB │ gzip:   0.38 kB
../../../../tmp/chromatic--69302-1AQAon7dVkX6/assets/index-356e4a49.js                         0.77 kB │ gzip:   0.47 kB
../../../../tmp/chromatic--69302-1AQAon7dVkX6/assets/index-8d47fad6.js                         0.80 kB │ gzip:   0.52 kB
../../../../tmp/chromatic--69302-1AQAon7dVkX6/assets/preview-0ef86afd.js                       0.86 kB │ gzip:   0.55 kB
../../../../tmp/chromatic--69302-1AQAon7dVkX6/assets/jsx-runtime-03b4ddbf.js                   0.97 kB │ gzip:   0.60 kB
../../../../tmp/chromatic--69302-1AQAon7dVkX6/assets/preview-2373c4f3.js                       1.04 kB │ gzip:   0.68 kB
../../../../tmp/chromatic--69302-1AQAon7dVkX6/assets/entry-preview-1f5c28fc.js                 1.15 kB │ gzip:   0.67 kB
../../../../tmp/chromatic--69302-1AQAon7dVkX6/assets/DocsRenderer-NNNQARDV-61398cf1.js         1.30 kB │ gzip:   0.69 kB
../../../../tmp/chromatic--69302-1AQAon7dVkX6/assets/InboxScreen.stories-af3302b2.js           2.09 kB │ gzip:   0.87 kB
../../../../tmp/chromatic--69302-1AQAon7dVkX6/assets/index-11d98b33.js                         2.59 kB │ gzip:   1.26 kB
../../../../tmp/chromatic--69302-1AQAon7dVkX6/assets/Task.stories-ea6827b5.js                  2.61 kB │ gzip:   1.02 kB
../../../../tmp/chromatic--69302-1AQAon7dVkX6/assets/preview-30b54f76.js                       3.21 kB │ gzip:   1.37 kB
../../../../tmp/chromatic--69302-1AQAon7dVkX6/assets/iframe-0a0b7433.js                        5.13 kB │ gzip:   1.75 kB
../../../../tmp/chromatic--69302-1AQAon7dVkX6/assets/preview-d01b88e8.js                       5.23 kB │ gzip:   2.39 kB
../../../../tmp/chromatic--69302-1AQAon7dVkX6/assets/Introduction-511a75f1.js                  6.65 kB │ gzip:   2.20 kB
../../../../tmp/chromatic--69302-1AQAon7dVkX6/assets/index-76fb7be0.js                         7.16 kB │ gzip:   2.91 kB
../../../../tmp/chromatic--69302-1AQAon7dVkX6/assets/preview-da31036b.js                       7.62 kB │ gzip:   1.56 kB
../../../../tmp/chromatic--69302-1AQAon7dVkX6/assets/preview-c56bf6ac.js                       8.28 kB │ gzip:   3.16 kB
../../../../tmp/chromatic--69302-1AQAon7dVkX6/assets/index-03bbf7d1.js                        13.51 kB │ gzip:   5.05 kB
../../../../tmp/chromatic--69302-1AQAon7dVkX6/assets/Color-6VNJS4EI-ca9c2b35.js               17.58 kB │ gzip:   6.71 kB
../../../../tmp/chromatic--69302-1AQAon7dVkX6/assets/TaskList.stories-5fe1860e.js             32.56 kB │ gzip:  12.11 kB
../../../../tmp/chromatic--69302-1AQAon7dVkX6/assets/preview-1b05ff50.js                      34.23 kB │ gzip:  13.36 kB
../../../../tmp/chromatic--69302-1AQAon7dVkX6/assets/preview-21802b0a.js                      72.07 kB │ gzip:  24.33 kB
../../../../tmp/chromatic--69302-1AQAon7dVkX6/assets/index-8fd8397b.js                        78.40 kB │ gzip:  23.41 kB
../../../../tmp/chromatic--69302-1AQAon7dVkX6/assets/index-d3ea75b5.js                       134.07 kB │ gzip:  43.20 kB
../../../../tmp/chromatic--69302-1AQAon7dVkX6/assets/entry-preview-docs-b427957a.js          212.40 kB │ gzip:  65.83 kB
../../../../tmp/chromatic--69302-1AQAon7dVkX6/assets/index-03d05a58.js                       375.25 kB │ gzip: 115.53 kB
../../../../tmp/chromatic--69302-1AQAon7dVkX6/assets/index-37113b8e.js                       536.51 kB │ gzip: 174.68 kB
../../../../tmp/chromatic--69302-1AQAon7dVkX6/assets/axe-18789938.js                         556.58 kB │ gzip: 152.73 kB
../../../../tmp/chromatic--69302-1AQAon7dVkX6/assets/formatter-SWP5E3XI-e43fd68c.js          601.61 kB │ gzip: 185.00 kB

(!) Some chunks are larger than 500 kBs after minification. Consider:
- Using dynamic import() to code-split the application
- Use build.rollupOptions.output.manualChunks to improve chunking: https://rollupjs.org/configuration-options/#output-manualchunks
- Adjust chunk size limit for this warning via build.chunkSizeWarningLimit.
✓ built in 10.43s
info => Preview built (11 s)
info => Output directory: /tmp/chromatic--69302-1AQAon7dVkX6
Done in 13.52s.
